<?xml version="1.0" encoding="UTF-8"?>
<testng-results skipped="0" failed="0" total="1" passed="1">
  <reporter-output>
  </reporter-output>
  <suite name="Default suite" duration-ms="75218" started-at="2015-08-25T17:39:15Z" finished-at="2015-08-25T17:40:30Z">
    <groups>
    </groups>
    <test name="Default test" duration-ms="75218" started-at="2015-08-25T17:39:15Z" finished-at="2015-08-25T17:40:30Z">
      <class name="com.watsapp.WatsappClass">
        <test-method status="PASS" signature="launchingWatsapp()[pri:0, instance:com.watsapp.WatsappClass@1b0375b3]" name="launchingWatsapp" duration-ms="75205" started-at="2015-08-25T12:39:15Z" finished-at="2015-08-25T12:40:30Z">
          <reporter-output>
          </reporter-output>
        </test-method> <!-- launchingWatsapp -->
      </class> <!-- com.watsapp.WatsappClass -->
    </test> <!-- Default test -->
  </suite> <!-- Default suite -->
</testng-results>
