<?xml version="1.0" encoding="UTF-8"?>
<testng-results skipped="0" failed="0" total="1" passed="1">
  <reporter-output>
  </reporter-output>
  <suite name="Default suite" duration-ms="26522" started-at="2015-09-01T23:26:40Z" finished-at="2015-09-01T23:27:06Z">
    <groups>
    </groups>
    <test name="Default test" duration-ms="26522" started-at="2015-09-01T23:26:40Z" finished-at="2015-09-01T23:27:06Z">
      <class name="iphone.IOSSteppers">
        <test-method status="PASS" signature="launchingWatsapp()[pri:0, instance:iphone.IOSSteppers@6debcae2]" name="launchingWatsapp" duration-ms="26486" started-at="2015-09-01T18:26:40Z" finished-at="2015-09-01T18:27:06Z">
          <reporter-output>
          </reporter-output>
        </test-method> <!-- launchingWatsapp -->
      </class> <!-- iphone.IOSSteppers -->
    </test> <!-- Default test -->
  </suite> <!-- Default suite -->
</testng-results>
